<?xml version="1.0" encoding="UTF-8"?>
<testng-results ignored="0" total="2" passed="2" failed="0" skipped="0">
  <reporter-output>
  </reporter-output>
  <suite started-at="2023-01-26T14:21:51Z" name="Default suite" finished-at="2023-01-26T14:22:10Z" duration-ms="19078">
    <groups>
    </groups>
    <test started-at="2023-01-26T14:21:51Z" name="Default test" finished-at="2023-01-26T14:22:10Z" duration-ms="19078">
      <class name="test.initialtest">
        <test-method signature="main()[pri:0, instance:test.initialtest@1a75e76a]" started-at="2023-01-26T14:21:51Z" name="main" finished-at="2023-01-26T14:21:56Z" duration-ms="4801" status="PASS">
          <reporter-output>
          </reporter-output>
        </test-method> <!-- main -->
        <test-method signature="mainn()[pri:0, instance:test.initialtest@1a75e76a]" started-at="2023-01-26T14:21:56Z" name="mainn" finished-at="2023-01-26T14:22:10Z" duration-ms="14214" status="PASS">
          <reporter-output>
          </reporter-output>
        </test-method> <!-- mainn -->
      </class> <!-- test.initialtest -->
    </test> <!-- Default test -->
  </suite> <!-- Default suite -->
</testng-results>
